<?xml version="1.0" encoding="utf-8"?><testsuites name="pytest tests"><testsuite name="pytest" errors="0" failures="0" skipped="0" tests="20" time="6.823" timestamp="2026-04-25T05:49:08.331480+00:00" hostname="agent-env-c9650339-b3fb-41aa-81ae-3535e48eae68"><testcase classname="backend.tests.test_biblioteca_rgb" name="test_root_returns_app_name" time="0.687" /><testcase classname="backend.tests.test_biblioteca_rgb.TestAuth" name="test_login_success" time="0.496" /><testcase classname="backend.tests.test_biblioteca_rgb.TestAuth" name="test_login_wrong_password_401" time="0.483" /><testcase classname="backend.tests.test_biblioteca_rgb.TestAuth" name="test_login_unknown_email_401" time="0.246" /><testcase classname="backend.tests.test_biblioteca_rgb.TestAuth" name="test_me_without_token_401" time="0.266" /><testcase classname="backend.tests.test_biblioteca_rgb.TestAuth" name="test_me_with_token_returns_user" time="0.271" /><testcase classname="backend.tests.test_biblioteca_rgb.TestAuth" name="test_me_invalid_token_401" time="0.229" /><testcase classname="backend.tests.test_biblioteca_rgb.TestLinks" name="test_get_links_public_no_auth" time="0.214" /><testcase classname="backend.tests.test_biblioteca_rgb.TestLinks" name="test_post_link_without_auth_401" time="0.272" /><testcase classname="backend.tests.test_biblioteca_rgb.TestLinks" name="test_post_link_with_admin_creates" time="0.315" /><testcase classname="backend.tests.test_biblioteca_rgb.TestLinks" name="test_post_link_invalid_url_400" time="0.217" /><testcase classname="backend.tests.test_biblioteca_rgb.TestLinks" name="test_delete_link_without_auth_401" time="0.208" /><testcase classname="backend.tests.test_biblioteca_rgb.TestLinks" name="test_delete_link_with_admin" time="0.321" /><testcase classname="backend.tests.test_biblioteca_rgb.TestLinks" name="test_legacy_field_handling" time="0.218" /><testcase classname="backend.tests.test_biblioteca_rgb.TestBooks" name="test_list_books_public" time="0.244" /><testcase classname="backend.tests.test_biblioteca_rgb.TestBooks" name="test_post_book_without_auth_401" time="0.239" /><testcase classname="backend.tests.test_biblioteca_rgb.TestBooks" name="test_post_book_with_admin" time="0.458" /><testcase classname="backend.tests.test_biblioteca_rgb.TestBooks" name="test_put_book_partial_update" time="0.538" /><testcase classname="backend.tests.test_biblioteca_rgb.TestBooks" name="test_put_nonexistent_book_404" time="0.222" /><testcase classname="backend.tests.test_biblioteca_rgb.TestBooks" name="test_delete_book_admin_only" time="0.526" /></testsuite></testsuites>