<?xml version="1.0" encoding="utf-8"?><testsuites name="pytest tests"><testsuite name="pytest" errors="0" failures="0" skipped="0" tests="21" time="5.691" timestamp="2026-04-24T05:07:22.668763+00:00" hostname="agent-env-c9650339-b3fb-41aa-81ae-3535e48eae68"><testcase classname="backend.tests.test_library_api.TestHealth" name="test_root" time="0.838" /><testcase classname="backend.tests.test_library_api.TestAuth" name="test_login_success" time="0.368" /><testcase classname="backend.tests.test_library_api.TestAuth" name="test_login_wrong_password_401" time="0.370" /><testcase classname="backend.tests.test_library_api.TestAuth" name="test_login_nonexistent_email_401" time="0.115" /><testcase classname="backend.tests.test_library_api.TestAuth" name="test_me_with_bearer" time="0.560" /><testcase classname="backend.tests.test_library_api.TestAuth" name="test_me_without_token_401" time="0.106" /><testcase classname="backend.tests.test_library_api.TestAuth" name="test_me_invalid_token_401" time="0.110" /><testcase classname="backend.tests.test_library_api.TestLinks" name="test_get_all_links_returns_dict" time="0.148" /><testcase classname="backend.tests.test_library_api.TestLinks" name="test_post_link_without_token_401" time="0.105" /><testcase classname="backend.tests.test_library_api.TestLinks" name="test_delete_link_without_token_401" time="0.151" /><testcase classname="backend.tests.test_library_api.TestLinks" name="test_post_invalid_url_returns_400" time="0.123" /><testcase classname="backend.tests.test_library_api.TestLinks" name="test_post_valid_and_persist" time="0.436" /><testcase classname="backend.tests.test_library_api.TestLinks" name="test_upsert_no_duplicate" time="0.213" /><testcase classname="backend.tests.test_library_api.TestLinks" name="test_delete_existing_link" time="0.326" /><testcase classname="backend.tests.test_library_api.TestLinks" name="test_delete_nonexistent_returns_zero" time="0.115" /><testcase classname="backend.tests.test_library_api.TestBooks" name="test_get_books_public" time="0.105" /><testcase classname="backend.tests.test_library_api.TestBooks" name="test_create_book_without_token_401" time="0.103" /><testcase classname="backend.tests.test_library_api.TestBooks" name="test_create_update_delete_book_admin" time="0.632" /><testcase classname="backend.tests.test_library_api.TestBooks" name="test_update_nonexistent_book_404" time="0.108" /><testcase classname="backend.tests.test_library_api.TestBooks" name="test_update_without_token_401" time="0.123" /><testcase classname="backend.tests.test_library_api.TestBooks" name="test_delete_without_token_401" time="0.339" /></testsuite></testsuites>