<?xml version="1.0" encoding="utf-8"?><testsuites name="pytest tests"><testsuite name="pytest" errors="0" failures="0" skipped="0" tests="7" time="2.554" timestamp="2026-04-22T18:32:18.723418+00:00" hostname="agent-env-c9650339-b3fb-41aa-81ae-3535e48eae68"><testcase classname="backend.tests.test_library_api" name="test_root" time="0.489" /><testcase classname="backend.tests.test_library_api" name="test_get_all_links_returns_dict" time="0.108" /><testcase classname="backend.tests.test_library_api" name="test_post_invalid_url_returns_400" time="0.140" /><testcase classname="backend.tests.test_library_api" name="test_post_valid_url_and_persistence" time="0.424" /><testcase classname="backend.tests.test_library_api" name="test_upsert_does_not_duplicate" time="0.399" /><testcase classname="backend.tests.test_library_api" name="test_delete_link" time="0.412" /><testcase classname="backend.tests.test_library_api" name="test_delete_nonexistent_returns_zero" time="0.458" /></testsuite></testsuites>