<?xml version="1.0" encoding="utf-8"?><testsuites name="pytest tests"><testsuite name="pytest" errors="0" failures="1" skipped="0" tests="34" time="11.645" timestamp="2026-05-28T13:43:02.093598+00:00" hostname="agent-env-c9650339-b3fb-41aa-81ae-3535e48eae68"><testcase classname="backend.tests.test_multirole_rgb.TestAuth" name="test_login_admin" time="0.522" /><testcase classname="backend.tests.test_multirole_rgb.TestAuth" name="test_login_rector" time="0.359" /><testcase classname="backend.tests.test_multirole_rgb.TestAuth" name="test_login_wrong_password" time="0.374" /><testcase classname="backend.tests.test_multirole_rgb.TestAuth" name="test_login_unknown_user" time="0.154" /><testcase classname="backend.tests.test_multirole_rgb.TestAuth" name="test_me_admin" time="0.501" /><testcase classname="backend.tests.test_multirole_rgb.TestAuth" name="test_me_no_auth" time="0.126" /><testcase classname="backend.tests.test_multirole_rgb.TestAuth" name="test_logout" time="0.149" /><testcase classname="backend.tests.test_multirole_rgb.TestUsers" name="test_list_users_admin" time="0.161" /><testcase classname="backend.tests.test_multirole_rgb.TestUsers" name="test_list_users_rector" time="0.384" /><testcase classname="backend.tests.test_multirole_rgb.TestUsers" name="test_list_users_no_auth" time="0.113" /><testcase classname="backend.tests.test_multirole_rgb.TestUsers" name="test_admin_creates_rector" time="0.362"><failure message="AssertionError: assert ('test_admin_m...c7077@rgb.edu' == 'TEST_admin_m...c7077@rgb.edu'&#10;  &#10;  - TEST_admin_made_0c7077@rgb.edu&#10;  ? ^^^^&#10;  + test_admin_made_0c7077@rgb.edu&#10;  ? ^^^^)">backend/tests/test_multirole_rgb.py:131: in test_admin_creates_rector
    assert data["email"] == email and data["role"] == "rector"
E   AssertionError: assert ('test_admin_m...c7077@rgb.edu' == 'TEST_admin_m...c7077@rgb.edu'
E     
E     - TEST_admin_made_0c7077@rgb.edu
E     ? ^^^^
E     + test_admin_made_0c7077@rgb.edu
E     ? ^^^^)</failure></testcase><testcase classname="backend.tests.test_multirole_rgb.TestUsers" name="test_admin_creates_admin" time="0.453" /><testcase classname="backend.tests.test_multirole_rgb.TestUsers" name="test_rector_cannot_create_admin" time="0.110" /><testcase classname="backend.tests.test_multirole_rgb.TestUsers" name="test_rector_can_create_rector" time="0.465" /><testcase classname="backend.tests.test_multirole_rgb.TestUsers" name="test_invalid_role_rejected" time="0.106" /><testcase classname="backend.tests.test_multirole_rgb.TestUsers" name="test_duplicate_email_409" time="0.107" /><testcase classname="backend.tests.test_multirole_rgb.TestUsers" name="test_admin_can_change_role_and_password" time="1.256" /><testcase classname="backend.tests.test_multirole_rgb.TestUsers" name="test_rector_cannot_change_role" time="0.720" /><testcase classname="backend.tests.test_multirole_rgb.TestUsers" name="test_rector_cannot_delete" time="0.564" /><testcase classname="backend.tests.test_multirole_rgb.TestUsers" name="test_admin_can_delete_user" time="0.453" /><testcase classname="backend.tests.test_multirole_rgb.TestUsers" name="test_admin_cannot_delete_self" time="0.115" /><testcase classname="backend.tests.test_multirole_rgb.TestBooksAudit" name="test_create_book_admin_sets_created_and_updated_by" time="0.276" /><testcase classname="backend.tests.test_multirole_rgb.TestBooksAudit" name="test_rector_updates_book_keeps_created_by" time="0.365" /><testcase classname="backend.tests.test_multirole_rgb.TestBooksAudit" name="test_rector_can_delete_book" time="0.227" /><testcase classname="backend.tests.test_multirole_rgb.TestBooksAudit" name="test_book_write_no_auth" time="0.321" /><testcase classname="backend.tests.test_multirole_rgb.TestLinksAudit" name="test_admin_upsert_then_rector_update_preserves_created_by" time="0.411" /><testcase classname="backend.tests.test_multirole_rgb.TestLinksAudit" name="test_link_post_no_auth" time="0.112" /><testcase classname="backend.tests.test_multirole_rgb.TestAuditLog" name="test_audit_requires_auth" time="0.165" /><testcase classname="backend.tests.test_multirole_rgb.TestAuditLog" name="test_audit_admin_and_rector_read" time="0.223" /><testcase classname="backend.tests.test_multirole_rgb.TestAuditLog" name="test_audit_sorted_desc" time="0.149" /><testcase classname="backend.tests.test_multirole_rgb.TestAuditLog" name="test_audit_records_book_lifecycle" time="0.801" /><testcase classname="backend.tests.test_multirole_rgb.TestAuditLog" name="test_audit_records_login" time="0.637" /><testcase classname="backend.tests.test_multirole_rgb.TestPublic" name="test_get_books_public" time="0.098" /><testcase classname="backend.tests.test_multirole_rgb.TestPublic" name="test_get_links_public" time="0.118" /></testsuite></testsuites>